{
  "RSpec": {
    "coverage": {
      "/Users/amyhua/Documents/Repos/ticketee/app/models/user.rb": [
        1,
        null,
        null,
        null,
        1,
        null,
        null,
        null,
        1,
        1,
        null,
        null,
        1,
        null,
        0,
        null,
        null
      ],
      "/Users/amyhua/Documents/Repos/ticketee/app/controllers/application_controller.rb": [
        1,
        1,
        null,
        null,
        1,
        null,
        1,
        0,
        0,
        0,
        0,
        null,
        null,
        null,
        null
      ],
      "/Users/amyhua/Documents/Repos/ticketee/app/helpers/application_helper.rb": [
        1,
        1,
        1,
        1,
        1,
        null,
        null,
        null,
        null,
        1,
        8,
        null,
        null
      ],
      "/Users/amyhua/Documents/Repos/ticketee/app/helpers/admin/users_helper.rb": [
        1,
        null
      ],
      "/Users/amyhua/Documents/Repos/ticketee/app/helpers/projects_helper.rb": [
        null,
        1,
        null,
        null
      ],
      "/Users/amyhua/Documents/Repos/ticketee/app/helpers/tickets_helper.rb": [
        1,
        null
      ],
      "/Users/amyhua/Documents/Repos/ticketee/app/controllers/admin/base_controller.rb": [
        1,
        1,
        null,
        1,
        0,
        null,
        null
      ],
      "/Users/amyhua/Documents/Repos/ticketee/app/controllers/admin/users_controller.rb": [
        1,
        1,
        1,
        0,
        null,
        null,
        1,
        0,
        null,
        null,
        1,
        0,
        0,
        0,
        0,
        null,
        0,
        0,
        null,
        null,
        null,
        1,
        null,
        null,
        null,
        1,
        null,
        null,
        null,
        1,
        0,
        0,
        0,
        0,
        null,
        0,
        0,
        0,
        null,
        0,
        0,
        null,
        null,
        null,
        1,
        0,
        0,
        null,
        0,
        0,
        null,
        0,
        null,
        null,
        null,
        1,
        null,
        1,
        0,
        null,
        null
      ],
      "/Users/amyhua/Documents/Repos/ticketee/app/controllers/projects_controller.rb": [
        null,
        1,
        1,
        1,
        1,
        null,
        1,
        3,
        null,
        null,
        1,
        0,
        null,
        null,
        null,
        null,
        1,
        0,
        0,
        0,
        0,
        null,
        0,
        0,
        null,
        null,
        null,
        1,
        1,
        null,
        null,
        null,
        null,
        1,
        null,
        null,
        null,
        1,
        null,
        0,
        0,
        0,
        null,
        0,
        0,
        null,
        null,
        null,
        1,
        null,
        0,
        0,
        0,
        null,
        null,
        1,
        null,
        1,
        1,
        null,
        null,
        0,
        0,
        null,
        null,
        null
      ],
      "/Users/amyhua/Documents/Repos/ticketee/app/models/project.rb": [
        1,
        1,
        1,
        1,
        1,
        1,
        null,
        1,
        null,
        4,
        null,
        null,
        null,
        1,
        4,
        null,
        null,
        null,
        null
      ],
      "/Users/amyhua/Documents/Repos/ticketee/app/controllers/tickets_controller.rb": [
        1,
        1,
        1,
        1,
        null,
        null,
        null,
        1,
        0,
        null,
        null,
        1,
        0,
        0,
        0,
        0,
        0,
        null,
        0,
        0,
        null,
        null,
        null,
        1,
        null,
        null,
        null,
        1,
        null,
        null,
        null,
        1,
        0,
        0,
        0,
        null,
        0,
        0,
        null,
        null,
        null,
        1,
        0,
        0,
        0,
        null,
        null,
        null,
        null,
        1,
        1,
        0,
        null,
        null,
        1,
        0,
        null,
        null
      ],
      "/Users/amyhua/Documents/Repos/ticketee/app/models/ticket.rb": [
        1,
        1,
        1,
        1,
        1,
        1,
        null,
        null
      ],
      "/Users/amyhua/Documents/Repos/ticketee/app/models/ability.rb": [
        1,
        0,
        null
      ],
      "/Users/amyhua/Documents/Repos/ticketee/app/models/permission.rb": [
        1,
        1,
        1,
        1,
        null
      ]
    },
    "timestamp": 1375750571
  }
}
