{
  "RSpec": {
    "coverage": {
      "/Users/amyhua/Documents/Repos/ticketee/app/models/user.rb": [
        1,
        null,
        null,
        null,
        1,
        null,
        null,
        null,
        1,
        1,
        null,
        null,
        1,
        null,
        29,
        null,
        null
      ],
      "/Users/amyhua/Documents/Repos/ticketee/app/controllers/application_controller.rb": [
        1,
        1,
        null,
        null,
        1,
        null,
        1,
        57,
        56,
        6,
        6,
        null,
        null,
        null,
        null
      ],
      "/Users/amyhua/Documents/Repos/ticketee/app/helpers/application_helper.rb": [
        1,
        1,
        16,
        16,
        16,
        null,
        null,
        null,
        null,
        1,
        203,
        null,
        null
      ],
      "/Users/amyhua/Documents/Repos/ticketee/app/helpers/admin/users_helper.rb": [
        1,
        null
      ],
      "/Users/amyhua/Documents/Repos/ticketee/app/helpers/projects_helper.rb": [
        null,
        1,
        null,
        null
      ],
      "/Users/amyhua/Documents/Repos/ticketee/app/helpers/tickets_helper.rb": [
        1,
        null
      ],
      "/Users/amyhua/Documents/Repos/ticketee/app/controllers/admin/base_controller.rb": [
        1,
        1,
        null,
        1,
        22,
        null,
        null
      ],
      "/Users/amyhua/Documents/Repos/ticketee/app/controllers/admin/users_controller.rb": [
        1,
        1,
        1,
        14,
        null,
        null,
        1,
        3,
        null,
        null,
        1,
        3,
        3,
        2,
        2,
        null,
        1,
        1,
        null,
        null,
        null,
        1,
        null,
        null,
        null,
        1,
        null,
        null,
        null,
        1,
        3,
        3,
        3,
        3,
        null,
        3,
        2,
        2,
        null,
        1,
        1,
        null,
        null,
        null,
        1,
        2,
        1,
        null,
        1,
        1,
        null,
        2,
        null,
        null,
        null,
        1,
        null,
        1,
        13,
        null,
        null
      ],
      "/Users/amyhua/Documents/Repos/ticketee/app/controllers/projects_controller.rb": [
        null,
        1,
        1,
        1,
        1,
        null,
        1,
        60,
        null,
        null,
        1,
        2,
        null,
        null,
        null,
        null,
        1,
        2,
        2,
        1,
        1,
        null,
        1,
        1,
        null,
        null,
        null,
        1,
        16,
        null,
        null,
        null,
        null,
        1,
        null,
        null,
        null,
        1,
        null,
        2,
        1,
        1,
        null,
        1,
        1,
        null,
        null,
        null,
        1,
        null,
        1,
        1,
        1,
        null,
        null,
        1,
        null,
        1,
        25,
        12,
        null,
        13,
        null,
        null,
        4,
        4,
        null,
        null,
        null
      ],
      "/Users/amyhua/Documents/Repos/ticketee/app/models/project.rb": [
        1,
        1,
        1,
        1,
        1,
        1,
        null,
        1,
        null,
        13,
        null,
        null,
        null
      ],
      "/Users/amyhua/Documents/Repos/ticketee/app/controllers/tickets_controller.rb": [
        1,
        1,
        1,
        1,
        null,
        null,
        null,
        1,
        3,
        null,
        null,
        1,
        3,
        3,
        3,
        1,
        1,
        null,
        2,
        2,
        null,
        null,
        null,
        1,
        null,
        null,
        null,
        1,
        null,
        null,
        null,
        1,
        2,
        1,
        1,
        null,
        1,
        1,
        null,
        null,
        null,
        1,
        1,
        1,
        1,
        null,
        null,
        null,
        null,
        1,
        1,
        17,
        null,
        null,
        1,
        11,
        null,
        null
      ],
      "/Users/amyhua/Documents/Repos/ticketee/app/models/ticket.rb": [
        1,
        1,
        1,
        1,
        1,
        1,
        null,
        null
      ],
      "/Users/amyhua/Documents/Repos/ticketee/app/models/ability.rb": [
        1,
        0,
        null
      ],
      "/Users/amyhua/Documents/Repos/ticketee/app/models/permission.rb": [
        1,
        1,
        1,
        1,
        null
      ]
    },
    "timestamp": 1375749345
  }
}
